<?xml version="1.0" encoding="UTF-8"?>
<!-- Generated by org.testng.reporters.JUnitReportReporter -->
<testsuite hostname="LAPTOP-CNP79HUB" name="com.qa.nc.tests.HomePageTest" tests="2" failures="0" timestamp="1 Jul 2020 01:52:26 GMT" time="0.085" errors="0">
  <testcase name="verifyHomePageHeader" time="0.071" classname="com.qa.nc.tests.HomePageTest"/>
  <testcase name="verifyHomePageTitle" time="0.014" classname="com.qa.nc.tests.HomePageTest"/>
</testsuite> <!-- com.qa.nc.tests.HomePageTest -->
