<?xml version="1.0" encoding="UTF-8"?>
<!-- Generated by org.testng.reporters.JUnitReportReporter -->
<testsuite hostname="LAPTOP-CNP79HUB" name="com.qa.nc.tests.LoanPageTest" tests="3" failures="0" timestamp="1 Jul 2020 01:52:26 GMT" time="2.865" errors="0">
  <testcase name="verrifyLoginPageTitleTest" time="0.009" classname="com.qa.nc.tests.LoanPageTest"/>
  <testcase name="VerifyResendActivationLinkTest" time="0.075" classname="com.qa.nc.tests.LoanPageTest"/>
  <testcase name="loginTest" time="2.781" classname="com.qa.nc.tests.LoanPageTest"/>
</testsuite> <!-- com.qa.nc.tests.LoanPageTest -->
